[debug] [2022-06-25T06:15:10.744Z] ----------------------------------------------------------------------
[debug] [2022-06-25T06:15:10.746Z] Command:       C:\Program Files\nodejs\node.exe C:\Users\mymy1\AppData\Roaming\npm\node_modules\firebase-tools\lib\bin\firebase.js serve
[debug] [2022-06-25T06:15:10.746Z] CLI Version:   11.1.0
[debug] [2022-06-25T06:15:10.747Z] Platform:      win32
[debug] [2022-06-25T06:15:10.747Z] Node Version:  v16.15.0
[debug] [2022-06-25T06:15:10.747Z] Time:          Sat Jun 25 2022 14:15:10 GMT+0800 (Singapore Standard Time)
[debug] [2022-06-25T06:15:10.748Z] ----------------------------------------------------------------------
[debug] 
[debug] [2022-06-25T06:15:10.803Z] > command requires scopes: ["email","openid","https://www.googleapis.com/auth/cloudplatformprojects.readonly","https://www.googleapis.com/auth/firebase","https://www.googleapis.com/auth/cloud-platform"]
[debug] [2022-06-25T06:15:10.803Z] > authorizing via signed-in user (joelloliangze@gmail.com)
[debug] [2022-06-25T06:15:10.803Z] [iam] checking project unimod-9edea for permissions ["firebase.projects.get"]
[debug] [2022-06-25T06:15:10.806Z] >>> [apiv2][query] POST https://cloudresourcemanager.googleapis.com/v1/projects/unimod-9edea:testIamPermissions [none]
[debug] [2022-06-25T06:15:10.807Z] >>> [apiv2][body] POST https://cloudresourcemanager.googleapis.com/v1/projects/unimod-9edea:testIamPermissions {"permissions":["firebase.projects.get"]}
[debug] [2022-06-25T06:15:11.796Z] <<< [apiv2][status] POST https://cloudresourcemanager.googleapis.com/v1/projects/unimod-9edea:testIamPermissions 200
[debug] [2022-06-25T06:15:11.796Z] <<< [apiv2][body] POST https://cloudresourcemanager.googleapis.com/v1/projects/unimod-9edea:testIamPermissions {"permissions":["firebase.projects.get"]}
[debug] [2022-06-25T06:15:11.797Z] >>> [apiv2][query] GET https://firebase.googleapis.com/v1beta1/projects/unimod-9edea [none]
[debug] [2022-06-25T06:15:12.091Z] <<< [apiv2][status] GET https://firebase.googleapis.com/v1beta1/projects/unimod-9edea 200
[debug] [2022-06-25T06:15:12.091Z] <<< [apiv2][body] GET https://firebase.googleapis.com/v1beta1/projects/unimod-9edea {"projectId":"unimod-9edea","projectNumber":"922762974536","displayName":"UniMod","name":"projects/unimod-9edea","resources":{"hostingSite":"unimod-9edea","realtimeDatabaseInstance":"unimod-9edea-default-rtdb"},"state":"ACTIVE"}
[info] 
[info] === Serving from 'C:\Users\mymy1\OneDrive\Documents\GitHub\UniMod'...
[info] 
[debug] [2022-06-25T06:15:12.107Z] >>> [apiv2][query] GET https://firebasehosting.googleapis.com/v1beta1/projects/unimod-9edea/sites 
[debug] [2022-06-25T06:15:13.427Z] <<< [apiv2][status] GET https://firebasehosting.googleapis.com/v1beta1/projects/unimod-9edea/sites 200
[debug] [2022-06-25T06:15:13.427Z] <<< [apiv2][body] GET https://firebasehosting.googleapis.com/v1beta1/projects/unimod-9edea/sites {"sites":[{"name":"projects/unimod-9edea/sites/unimod-9edea","defaultUrl":"https://unimod-9edea.web.app","type":"DEFAULT_SITE"}]}
[debug] [2022-06-25T06:15:13.428Z] >>> [apiv2][query] GET https://firebase.googleapis.com/v1beta1/projects/unimod-9edea/webApps/-/config [none]
[debug] [2022-06-25T06:15:14.043Z] <<< [apiv2][status] GET https://firebase.googleapis.com/v1beta1/projects/unimod-9edea/webApps/-/config 200
[debug] [2022-06-25T06:15:14.043Z] <<< [apiv2][body] GET https://firebase.googleapis.com/v1beta1/projects/unimod-9edea/webApps/-/config {"projectId":"unimod-9edea","databaseURL":"https://unimod-9edea-default-rtdb.asia-southeast1.firebasedatabase.app","storageBucket":"unimod-9edea.appspot.com","apiKey":"AIzaSyDTIzeDQawgo4YkAynqXBqtIIEWx655ZYY","authDomain":"unimod-9edea.firebaseapp.com","messagingSenderId":"922762974536"}
[info] i  hosting: Serving hosting files from: public {"metadata":{"emulator":{"name":"hosting"},"message":"Serving hosting files from: \u001b[1mpublic\u001b[22m"}}
[info] +  hosting: Local server: http://localhost:5000 {"metadata":{"emulator":{"name":"hosting"},"message":"Local server: \u001b[4m\u001b[1mhttp://localhost:5000\u001b[22m\u001b[24m"}}
[info] i  hosting: 127.0.0.1 - - [25/Jun/2022:06:15:17 +0000] "GET / HTTP/1.1" 200 4596 "-" "Mozilla/5.0 (Windows NT 10.0; Win64; x64) AppleWebKit/537.36 (KHTML, like Gecko) Chrome/102.0.5005.124 Safari/537.36 Edg/102.0.1245.44" {"metadata":{"emulator":{"name":"hosting"},"message":"127.0.0.1 - - [25/Jun/2022:06:15:17 +0000] \"GET / HTTP/1.1\" 200 4596 \"-\" \"Mozilla/5.0 (Windows NT 10.0; Win64; x64) AppleWebKit/537.36 (KHTML, like Gecko) Chrome/102.0.5005.124 Safari/537.36 Edg/102.0.1245.44\""}}
[info] i  hosting: 127.0.0.1 - - [25/Jun/2022:06:15:17 +0000] "GET /__/firebase/init.js?useEmulator=true HTTP/1.1" 200 - "http://localhost:5000/" "Mozilla/5.0 (Windows NT 10.0; Win64; x64) AppleWebKit/537.36 (KHTML, like Gecko) Chrome/102.0.5005.124 Safari/537.36 Edg/102.0.1245.44" {"metadata":{"emulator":{"name":"hosting"},"message":"127.0.0.1 - - [25/Jun/2022:06:15:17 +0000] \"GET /__/firebase/init.js?useEmulator=true HTTP/1.1\" 200 - \"http://localhost:5000/\" \"Mozilla/5.0 (Windows NT 10.0; Win64; x64) AppleWebKit/537.36 (KHTML, like Gecko) Chrome/102.0.5005.124 Safari/537.36 Edg/102.0.1245.44\""}}
[info] i  hosting: 127.0.0.1 - - [25/Jun/2022:06:15:17 +0000] "GET /favicon.ico HTTP/1.1" 304 - "http://localhost:5000/" "Mozilla/5.0 (Windows NT 10.0; Win64; x64) AppleWebKit/537.36 (KHTML, like Gecko) Chrome/102.0.5005.124 Safari/537.36 Edg/102.0.1245.44" {"metadata":{"emulator":{"name":"hosting"},"message":"127.0.0.1 - - [25/Jun/2022:06:15:17 +0000] \"GET /favicon.ico HTTP/1.1\" 304 - \"http://localhost:5000/\" \"Mozilla/5.0 (Windows NT 10.0; Win64; x64) AppleWebKit/537.36 (KHTML, like Gecko) Chrome/102.0.5005.124 Safari/537.36 Edg/102.0.1245.44\""}}
